  FinalProject.cpp
C:\Users\quang\source\repos\GraphicsFinal\GraphicsFinal\geometry/point3.h(115): warning C4244: 'argument' : conversion from 'double' to 'const float', possible loss of data
C:\Users\quang\source\repos\GraphicsFinal\GraphicsFinal\shader_support/glsl_shader.h(56): warning C4996: '_open': This function or variable may be unsafe. Consider using _sopen_s instead. To disable deprecation, use _CRT_SECURE_NO_WARNINGS. See online help for details.
          C:\Program Files (x86)\Microsoft Visual Studio 12.0\VC\include\io.h(242) : see declaration of '_open'
C:\Users\quang\source\repos\GraphicsFinal\GraphicsFinal\shader_support/glsl_shader.h(60): warning C4996: '_open': This function or variable may be unsafe. Consider using _sopen_s instead. To disable deprecation, use _CRT_SECURE_NO_WARNINGS. See online help for details.
          C:\Program Files (x86)\Microsoft Visual Studio 12.0\VC\include\io.h(242) : see declaration of '_open'
C:\Users\quang\source\repos\GraphicsFinal\GraphicsFinal\shader_support/glsl_shader.h(70): warning C4996: 'fopen': This function or variable may be unsafe. Consider using fopen_s instead. To disable deprecation, use _CRT_SECURE_NO_WARNINGS. See online help for details.
          C:\Program Files (x86)\Microsoft Visual Studio 12.0\VC\include\stdio.h(211) : see declaration of 'fopen'
c:\users\quang\source\repos\graphicsfinal\graphicsfinal\finalproject\lighting_shader_node.h(81): warning C4996: 'sprintf': This function or variable may be unsafe. Consider using sprintf_s instead. To disable deprecation, use _CRT_SECURE_NO_WARNINGS. See online help for details.
          C:\Program Files (x86)\Microsoft Visual Studio 12.0\VC\include\stdio.h(356) : see declaration of 'sprintf'
c:\users\quang\source\repos\graphicsfinal\graphicsfinal\finalproject\lighting_shader_node.h(83): warning C4996: 'sprintf': This function or variable may be unsafe. Consider using sprintf_s instead. To disable deprecation, use _CRT_SECURE_NO_WARNINGS. See online help for details.
          C:\Program Files (x86)\Microsoft Visual Studio 12.0\VC\include\stdio.h(356) : see declaration of 'sprintf'
c:\users\quang\source\repos\graphicsfinal\graphicsfinal\finalproject\lighting_shader_node.h(85): warning C4996: 'sprintf': This function or variable may be unsafe. Consider using sprintf_s instead. To disable deprecation, use _CRT_SECURE_NO_WARNINGS. See online help for details.
          C:\Program Files (x86)\Microsoft Visual Studio 12.0\VC\include\stdio.h(356) : see declaration of 'sprintf'
c:\users\quang\source\repos\graphicsfinal\graphicsfinal\finalproject\lighting_shader_node.h(87): warning C4996: 'sprintf': This function or variable may be unsafe. Consider using sprintf_s instead. To disable deprecation, use _CRT_SECURE_NO_WARNINGS. See online help for details.
          C:\Program Files (x86)\Microsoft Visual Studio 12.0\VC\include\stdio.h(356) : see declaration of 'sprintf'
c:\users\quang\source\repos\graphicsfinal\graphicsfinal\finalproject\lighting_shader_node.h(89): warning C4996: 'sprintf': This function or variable may be unsafe. Consider using sprintf_s instead. To disable deprecation, use _CRT_SECURE_NO_WARNINGS. See online help for details.
          C:\Program Files (x86)\Microsoft Visual Studio 12.0\VC\include\stdio.h(356) : see declaration of 'sprintf'
c:\users\quang\source\repos\graphicsfinal\graphicsfinal\finalproject\lighting_shader_node.h(91): warning C4996: 'sprintf': This function or variable may be unsafe. Consider using sprintf_s instead. To disable deprecation, use _CRT_SECURE_NO_WARNINGS. See online help for details.
          C:\Program Files (x86)\Microsoft Visual Studio 12.0\VC\include\stdio.h(356) : see declaration of 'sprintf'
c:\users\quang\source\repos\graphicsfinal\graphicsfinal\finalproject\lighting_shader_node.h(93): warning C4996: 'sprintf': This function or variable may be unsafe. Consider using sprintf_s instead. To disable deprecation, use _CRT_SECURE_NO_WARNINGS. See online help for details.
          C:\Program Files (x86)\Microsoft Visual Studio 12.0\VC\include\stdio.h(356) : see declaration of 'sprintf'
c:\users\quang\source\repos\graphicsfinal\graphicsfinal\finalproject\lighting_shader_node.h(95): warning C4996: 'sprintf': This function or variable may be unsafe. Consider using sprintf_s instead. To disable deprecation, use _CRT_SECURE_NO_WARNINGS. See online help for details.
          C:\Program Files (x86)\Microsoft Visual Studio 12.0\VC\include\stdio.h(356) : see declaration of 'sprintf'
c:\users\quang\source\repos\graphicsfinal\graphicsfinal\finalproject\lighting_shader_node.h(97): warning C4996: 'sprintf': This function or variable may be unsafe. Consider using sprintf_s instead. To disable deprecation, use _CRT_SECURE_NO_WARNINGS. See online help for details.
          C:\Program Files (x86)\Microsoft Visual Studio 12.0\VC\include\stdio.h(356) : see declaration of 'sprintf'
c:\users\quang\source\repos\graphicsfinal\graphicsfinal\finalproject\lighting_shader_node.h(99): warning C4996: 'sprintf': This function or variable may be unsafe. Consider using sprintf_s instead. To disable deprecation, use _CRT_SECURE_NO_WARNINGS. See online help for details.
          C:\Program Files (x86)\Microsoft Visual Studio 12.0\VC\include\stdio.h(356) : see declaration of 'sprintf'
c:\users\quang\source\repos\graphicsfinal\graphicsfinal\finalproject\lighting_shader_node.h(101): warning C4996: 'sprintf': This function or variable may be unsafe. Consider using sprintf_s instead. To disable deprecation, use _CRT_SECURE_NO_WARNINGS. See online help for details.
          C:\Program Files (x86)\Microsoft Visual Studio 12.0\VC\include\stdio.h(356) : see declaration of 'sprintf'
c:\users\quang\source\repos\graphicsfinal\graphicsfinal\finalproject\lighting_shader_node.h(103): warning C4996: 'sprintf': This function or variable may be unsafe. Consider using sprintf_s instead. To disable deprecation, use _CRT_SECURE_NO_WARNINGS. See online help for details.
          C:\Program Files (x86)\Microsoft Visual Studio 12.0\VC\include\stdio.h(356) : see declaration of 'sprintf'
c:\users\quang\source\repos\graphicsfinal\graphicsfinal\finalproject\TroughSurface.h(177): warning C4305: '=' : truncation from 'double' to 'float'
c:\users\quang\source\repos\graphicsfinal\graphicsfinal\finalproject\TroughSurface.h(179): warning C4305: '=' : truncation from 'double' to 'float'
FinalProject.cpp(79): warning C4996: 'fopen': This function or variable may be unsafe. Consider using fopen_s instead. To disable deprecation, use _CRT_SECURE_NO_WARNINGS. See online help for details.
          C:\Program Files (x86)\Microsoft Visual Studio 12.0\VC\include\stdio.h(211) : see declaration of 'fopen'
FinalProject.cpp(226): warning C4244: 'argument' : conversion from 'float' to 'unsigned int', possible loss of data
FinalProject.cpp(397): warning C4244: 'argument' : conversion from 'float' to 'unsigned int', possible loss of data
FinalProject.cpp(651): warning C4244: 'argument' : conversion from 'float' to 'unsigned int', possible loss of data
  FinalProject.vcxproj -> C:\Users\quang\source\repos\GraphicsFinal\GraphicsFinal\FinalProject\Release\FinalProject.exe
          1 file(s) copied.
          1 file(s) copied.
          1 file(s) copied.
